{
  message: 'Server Started at Port 5000',
  level: 'info',
  timestamp: '2025-12-04T13:31:24.845Z'
}
{
  message: 'MongoDB connected..',
  level: 'info',
  timestamp: '2025-12-04T13:31:25.507Z'
}
{
  message: 'Server Started at Port 5000',
  level: 'info',
  timestamp: '2025-12-04T13:31:28.686Z'
}
{
  message: 'MongoDB connected..',
  level: 'info',
  timestamp: '2025-12-04T13:31:29.062Z'
}
{
  message: 'Server Started at Port 5000',
  level: 'info',
  timestamp: '2025-12-04T13:32:13.538Z'
}
{
  message: 'MongoDB connected..',
  level: 'info',
  timestamp: '2025-12-04T13:32:13.926Z'
}
{
  message: 'Server Started at Port 5000',
  level: 'info',
  timestamp: '2025-12-04T13:33:46.782Z'
}
{
  message: 'MongoDB connected..',
  level: 'info',
  timestamp: '2025-12-04T13:33:47.303Z'
}
{
  message: 'Server Started at Port 5000',
  level: 'info',
  timestamp: '2025-12-04T13:33:50.591Z'
}
{
  message: 'MongoDB connected..',
  level: 'info',
  timestamp: '2025-12-04T13:33:51.076Z'
}
{
  message: 'Server Started at Port 5000',
  level: 'info',
  timestamp: '2025-12-04T13:34:25.599Z'
}
{
  message: 'MongoDB connected..',
  level: 'info',
  timestamp: '2025-12-04T13:34:25.998Z'
}
{
  message: 'Server Started at Port 5000',
  level: 'info',
  timestamp: '2025-12-04T13:34:33.030Z'
}
{
  message: 'MongoDB connected..',
  level: 'info',
  timestamp: '2025-12-04T13:34:33.513Z'
}
{
  message: 'Server Started at Port 5000',
  level: 'info',
  timestamp: '2025-12-04T13:35:03.131Z'
}
{
  message: 'MongoDB connected..',
  level: 'info',
  timestamp: '2025-12-04T13:35:03.604Z'
}
{
  message: 'Server Started at Port 5000',
  level: 'info',
  timestamp: '2025-12-04T13:35:14.376Z'
}
{
  message: 'MongoDB connected..',
  level: 'info',
  timestamp: '2025-12-04T13:35:14.855Z'
}
{
  message: 'Server Started at Port 5000',
  level: 'info',
  timestamp: '2025-12-04T13:35:32.120Z'
}
{
  message: 'MongoDB connected..',
  level: 'info',
  timestamp: '2025-12-04T13:35:32.590Z'
}
{
  message: 'Server Started at Port 5000',
  level: 'info',
  timestamp: '2025-12-04T13:35:40.608Z'
}
{
  message: 'MongoDB connected..',
  level: 'info',
  timestamp: '2025-12-04T13:35:40.985Z'
}
{
  message: 'Server Started at Port 5000',
  level: 'info',
  timestamp: '2025-12-04T13:35:49.065Z'
}
{
  message: 'MongoDB connected..',
  level: 'info',
  timestamp: '2025-12-04T13:35:49.446Z'
}
{
  message: 'Server Started at Port 5000',
  level: 'info',
  timestamp: '2025-12-04T13:36:05.936Z'
}
{
  message: 'MongoDB connected..',
  level: 'info',
  timestamp: '2025-12-04T13:36:06.338Z'
}
{
  message: 'Server Started at Port 5000',
  level: 'info',
  timestamp: '2025-12-04T13:36:07.776Z'
}
{
  message: 'MongoDB connected..',
  level: 'info',
  timestamp: '2025-12-04T13:36:08.132Z'
}
{
  message: 'Server Started at Port 5000',
  level: 'info',
  timestamp: '2025-12-04T13:36:11.134Z'
}
{
  message: 'MongoDB connected..',
  level: 'info',
  timestamp: '2025-12-04T13:36:11.538Z'
}
{
  message: 'Server Started at Port 5000',
  level: 'info',
  timestamp: '2025-12-04T13:36:19.459Z'
}
{
  message: 'MongoDB connected..',
  level: 'info',
  timestamp: '2025-12-04T13:36:19.830Z'
}
{
  message: 'Server Started at Port 5000',
  level: 'info',
  timestamp: '2025-12-04T13:36:21.964Z'
}
{
  message: 'MongoDB connected..',
  level: 'info',
  timestamp: '2025-12-04T13:36:22.327Z'
}
{
  message: 'Server Started at Port 5000',
  level: 'info',
  timestamp: '2025-12-04T13:36:24.546Z'
}
{
  message: 'MongoDB connected..',
  level: 'info',
  timestamp: '2025-12-04T13:36:24.922Z'
}
{
  message: 'Server Started at Port 5000',
  level: 'info',
  timestamp: '2025-12-04T13:36:30.767Z'
}
{
  message: 'MongoDB connected..',
  level: 'info',
  timestamp: '2025-12-04T13:36:31.136Z'
}
{
  message: 'Server Started at Port 5000',
  level: 'info',
  timestamp: '2025-12-04T13:36:36.624Z'
}
{
  message: 'MongoDB connected..',
  level: 'info',
  timestamp: '2025-12-04T13:36:36.991Z'
}
{
  message: 'Server Started at Port 5000',
  level: 'info',
  timestamp: '2025-12-04T13:36:40.041Z'
}
{
  message: 'MongoDB connected..',
  level: 'info',
  timestamp: '2025-12-04T13:36:40.406Z'
}
{
  message: 'Server Started at Port 5000',
  level: 'info',
  timestamp: '2025-12-04T13:36:41.957Z'
}
{
  message: 'MongoDB connected..',
  level: 'info',
  timestamp: '2025-12-04T13:36:42.346Z'
}
{
  message: 'Server Started at Port 5000',
  level: 'info',
  timestamp: '2025-12-04T13:36:51.624Z'
}
{
  message: 'MongoDB connected..',
  level: 'info',
  timestamp: '2025-12-04T13:36:52.007Z'
}
{
  message: 'Server Started at Port 5000',
  level: 'info',
  timestamp: '2025-12-04T13:36:57.007Z'
}
{
  message: 'MongoDB connected..',
  level: 'info',
  timestamp: '2025-12-04T13:36:57.383Z'
}
{
  message: 'Server Started at Port 5000',
  level: 'info',
  timestamp: '2025-12-04T13:37:07.228Z'
}
{
  message: 'MongoDB connected..',
  level: 'info',
  timestamp: '2025-12-04T13:37:07.745Z'
}
{
  message: 'Server Started at Port 5000',
  level: 'info',
  timestamp: '2025-12-04T13:37:20.042Z'
}
{
  message: 'MongoDB connected..',
  level: 'info',
  timestamp: '2025-12-04T13:37:20.660Z'
}
{
  message: 'Server Started at Port 5000',
  level: 'info',
  timestamp: '2025-12-04T13:37:33.458Z'
}
{
  message: 'MongoDB connected..',
  level: 'info',
  timestamp: '2025-12-04T13:37:33.918Z'
}
