{
  message: 'Connecting to Redis....',
  level: 'info',
  timestamp: '2025-12-08T09:04:13.934Z'
}
{
  message: 'Redis connected successfully.',
  level: 'info',
  timestamp: '2025-12-08T09:04:15.905Z'
}
{
  message: 'Connecting to Redis....',
  level: 'info',
  timestamp: '2025-12-08T09:04:22.227Z'
}
{
  message: 'Redis connected successfully.',
  level: 'info',
  timestamp: '2025-12-08T09:04:22.459Z'
}
{
  message: 'Connecting to Redis....',
  level: 'info',
  timestamp: '2025-12-08T09:04:33.226Z'
}
{
  message: 'Redis connected successfully.',
  level: 'info',
  timestamp: '2025-12-08T09:04:33.396Z'
}
{
  message: 'Connecting to Redis....',
  level: 'info',
  timestamp: '2025-12-08T09:04:45.114Z'
}
{
  message: 'Redis connected successfully.',
  level: 'info',
  timestamp: '2025-12-08T09:04:45.275Z'
}
{
  message: 'Connecting to Redis....',
  level: 'info',
  timestamp: '2025-12-08T09:04:55.116Z'
}
{
  message: 'Redis connected successfully.',
  level: 'info',
  timestamp: '2025-12-08T09:04:55.434Z'
}
{
  message: 'Connecting to Redis....',
  level: 'info',
  timestamp: '2025-12-08T09:04:56.660Z'
}
{
  message: 'Redis connected successfully.',
  level: 'info',
  timestamp: '2025-12-08T09:04:56.796Z'
}
{
  message: 'Connecting to Redis....',
  level: 'info',
  timestamp: '2025-12-08T09:05:12.041Z'
}
{
  message: 'Redis connected successfully.',
  level: 'info',
  timestamp: '2025-12-08T09:05:12.230Z'
}
{
  message: 'Connecting to Redis....',
  level: 'info',
  timestamp: '2025-12-08T09:05:15.492Z'
}
{
  message: 'Redis connected successfully.',
  level: 'info',
  timestamp: '2025-12-08T09:05:15.653Z'
}
{
  message: 'Connecting to Redis....',
  level: 'info',
  timestamp: '2025-12-08T09:05:28.236Z'
}
{
  message: 'Redis connected successfully.',
  level: 'info',
  timestamp: '2025-12-08T09:05:28.500Z'
}
{
  message: 'Connecting to Redis....',
  level: 'info',
  timestamp: '2025-12-08T09:05:30.445Z'
}
{
  message: 'Redis connected successfully.',
  level: 'info',
  timestamp: '2025-12-08T09:05:30.621Z'
}
{
  message: 'Connecting to Redis....',
  level: 'info',
  timestamp: '2025-12-08T09:05:38.618Z'
}
{
  message: 'Redis connected successfully.',
  level: 'info',
  timestamp: '2025-12-08T09:05:38.845Z'
}
